2016-09-12 16:29:15,768 [Worker-14] INFO  c.g.t.t.d.PublishedGradleVersions - Gradle version information cache file is out-of-date. Remote download required.
2016-09-13 09:05:51,555 [main] INFO  c.g.t.t.d.PublishedGradleVersions - Gradle version information cache file is not out-of-date. No remote download required.
2016-09-14 18:23:53,955 [Worker-14] INFO  c.g.t.t.d.PublishedGradleVersions - Gradle version information cache file is out-of-date. Remote download required.
2016-09-15 00:22:48,813 [main] INFO  c.g.t.t.d.PublishedGradleVersions - Gradle version information cache file is not out-of-date. No remote download required.
2016-09-15 11:16:30,795 [main] INFO  c.g.t.t.d.PublishedGradleVersions - Gradle version information cache file is not out-of-date. No remote download required.
2016-09-16 04:58:01,407 [main] INFO  c.g.t.t.d.PublishedGradleVersions - Gradle version information cache file is out-of-date. Remote download required.
2016-09-16 21:40:57,613 [main] INFO  c.g.t.t.d.PublishedGradleVersions - Gradle version information cache file is not out-of-date. No remote download required.
2016-09-17 01:29:33,733 [main] INFO  c.g.t.t.d.PublishedGradleVersions - Gradle version information cache file is not out-of-date. No remote download required.
2016-09-19 04:37:16,800 [main] INFO  c.g.t.t.d.PublishedGradleVersions - Gradle version information cache file is out-of-date. Remote download required.
2016-09-19 14:18:54,649 [main] INFO  c.g.t.t.d.PublishedGradleVersions - Gradle version information cache file is not out-of-date. No remote download required.
2016-09-20 05:02:10,193 [Worker-26] INFO  c.g.t.t.d.PublishedGradleVersions - Gradle version information cache file is out-of-date. Remote download required.
2016-09-20 07:21:26,746 [main] INFO  c.g.t.t.d.PublishedGradleVersions - Gradle version information cache file is not out-of-date. No remote download required.
2016-09-20 09:03:35,405 [main] INFO  c.g.t.t.d.PublishedGradleVersions - Gradle version information cache file is not out-of-date. No remote download required.
2016-09-20 11:18:52,299 [main] INFO  c.g.t.t.d.PublishedGradleVersions - Gradle version information cache file is not out-of-date. No remote download required.
2016-09-21 19:48:28,756 [main] INFO  c.g.t.t.d.PublishedGradleVersions - Gradle version information cache file is out-of-date. Remote download required.
2016-09-21 20:08:18,145 [Start Help Server] INFO  org.eclipse.jetty.util.log - Logging initialized @1295146ms
2016-09-21 20:08:18,639 [Start Help Server] INFO  org.eclipse.jetty.server.Server - jetty-9.2.13.v20150730
2016-09-21 20:08:18,782 [Start Help Server] INFO  o.e.j.server.handler.ContextHandler - Started o.e.j.s.ServletContextHandler@4d3209e4{/help,null,AVAILABLE}
2016-09-21 20:08:18,919 [Start Help Server] INFO  o.e.jetty.server.ServerConnector - Started ServerConnector@6ca19332{HTTP/1.1}{127.0.0.1:49974}
2016-09-21 20:08:18,921 [Start Help Server] INFO  org.eclipse.jetty.server.Server - Started @1295923ms
2016-09-21 21:06:28,255 [Stop Help Server] INFO  o.e.jetty.server.ServerConnector - Stopped ServerConnector@6ca19332{HTTP/1.1}{127.0.0.1:0}
2016-09-21 21:06:28,411 [Stop Help Server] INFO  o.e.j.server.handler.ContextHandler - Stopped o.e.j.s.ServletContextHandler@4d3209e4{/help,null,UNAVAILABLE}
2016-09-22 09:29:35,102 [main] INFO  c.g.t.t.d.PublishedGradleVersions - Gradle version information cache file is not out-of-date. No remote download required.
2016-09-22 10:19:26,592 [main] INFO  c.g.t.t.d.PublishedGradleVersions - Gradle version information cache file is not out-of-date. No remote download required.
2016-09-22 12:12:07,787 [main] INFO  c.g.t.t.d.PublishedGradleVersions - Gradle version information cache file is not out-of-date. No remote download required.
